app/build/intermediates/manifest_merge_blame_file/debug/manifest-merger-blame-debug-report.txt
1<?xml version="1.0" encoding="utf-8"?>
2<manifest xmlns:android="http://schemas.android.com/apk/res/android"
3    package="com.appoverlaytouchrecorder"
4    android:versionCode="1"
5    android:versionName="1.0" >
6
7    <uses-sdk
8        android:minSdkVersion="21"
9        android:targetSdkVersion="34" />
10
11    <uses-permission android:name="android.permission.SYSTEM_ALERT_WINDOW" />
11-->src\main\AndroidManifest.xml:4:5-78
11-->src\main\AndroidManifest.xml:4:22-75
12    <uses-permission android:name="android.permission.ACCESSIBILITY_SERVICE" />
12-->src\main\AndroidManifest.xml:5:5-80
12-->src\main\AndroidManifest.xml:5:22-77
13
14    <permission
14-->[androidx.core:core:1.10.0] AndroidManifest.xml:22:5-24:47
15        android:name="com.appoverlaytouchrecorder.DYNAMIC_RECEIVER_NOT_EXPORTED_PERMISSION"
15-->[androidx.core:core:1.10.0] AndroidManifest.xml:23:9-81
16        android:protectionLevel="signature" />
16-->[androidx.core:core:1.10.0] AndroidManifest.xml:24:9-44
17
18    <uses-permission android:name="com.appoverlaytouchrecorder.DYNAMIC_RECEIVER_NOT_EXPORTED_PERMISSION" />
18-->[androidx.core:core:1.10.0] AndroidManifest.xml:26:5-97
18-->[androidx.core:core:1.10.0] AndroidManifest.xml:26:22-94
19
20    <application
20-->src\main\AndroidManifest.xml:7:5-32:19
21        android:appComponentFactory="androidx.core.app.CoreComponentFactory"
21-->[androidx.core:core:1.10.0] AndroidManifest.xml:28:18-86
22        android:debuggable="true"
23        android:extractNativeLibs="true"
24        android:label="app-overlay-touch-recorder-try"
24-->src\main\AndroidManifest.xml:8:9-55
25        android:testOnly="true"
26        android:theme="@android:style/Theme.Material.Light.NoActionBar" >
26-->src\main\AndroidManifest.xml:9:9-72
27        <activity
27-->src\main\AndroidManifest.xml:11:9-18:20
28            android:name="com.appoverlaytouchrecorder.MainActivity"
28-->src\main\AndroidManifest.xml:12:13-41
29            android:exported="true" >
29-->src\main\AndroidManifest.xml:13:13-36
30            <intent-filter>
30-->src\main\AndroidManifest.xml:14:13-17:29
31                <action android:name="android.intent.action.MAIN" />
31-->src\main\AndroidManifest.xml:15:17-68
31-->src\main\AndroidManifest.xml:15:25-66
32
33                <category android:name="android.intent.category.LAUNCHER" />
33-->src\main\AndroidManifest.xml:16:17-76
33-->src\main\AndroidManifest.xml:16:27-74
34            </intent-filter>
35        </activity>
36
37        <service
37-->src\main\AndroidManifest.xml:20:9-30:19
38            android:name="com.appoverlaytouchrecorder.FpsOverlayService"
38-->src\main\AndroidManifest.xml:21:13-46
39            android:exported="true"
39-->src\main\AndroidManifest.xml:23:13-36
40            android:permission="android.permission.BIND_ACCESSIBILITY_SERVICE" >
40-->src\main\AndroidManifest.xml:22:13-79
41            <intent-filter>
41-->src\main\AndroidManifest.xml:24:13-26:29
42                <action android:name="android.accessibilityservice.AccessibilityService" />
42-->src\main\AndroidManifest.xml:25:17-92
42-->src\main\AndroidManifest.xml:25:25-89
43            </intent-filter>
44
45            <meta-data
45-->src\main\AndroidManifest.xml:27:13-29:72
46                android:name="android.accessibilityservice"
46-->src\main\AndroidManifest.xml:28:17-60
47                android:resource="@xml/accessibility_service_config" />
47-->src\main\AndroidManifest.xml:29:17-69
48        </service>
49
50        <activity
50-->[androidx.compose.ui:ui-tooling-android:1.5.4] AndroidManifest.xml:23:9-25:39
51            android:name="androidx.compose.ui.tooling.PreviewActivity"
51-->[androidx.compose.ui:ui-tooling-android:1.5.4] AndroidManifest.xml:24:13-71
52            android:exported="true" />
52-->[androidx.compose.ui:ui-tooling-android:1.5.4] AndroidManifest.xml:25:13-36
53        <activity
53-->[androidx.compose.ui:ui-test-manifest:1.5.4] AndroidManifest.xml:23:9-25:39
54            android:name="androidx.activity.ComponentActivity"
54-->[androidx.compose.ui:ui-test-manifest:1.5.4] AndroidManifest.xml:24:13-63
55            android:exported="true" />
55-->[androidx.compose.ui:ui-test-manifest:1.5.4] AndroidManifest.xml:25:13-36
56
57        <provider
57-->[androidx.emoji2:emoji2:1.4.0] AndroidManifest.xml:24:9-32:20
58            android:name="androidx.startup.InitializationProvider"
58-->[androidx.emoji2:emoji2:1.4.0] AndroidManifest.xml:25:13-67
59            android:authorities="com.appoverlaytouchrecorder.androidx-startup"
59-->[androidx.emoji2:emoji2:1.4.0] AndroidManifest.xml:26:13-68
60            android:exported="false" >
60-->[androidx.emoji2:emoji2:1.4.0] AndroidManifest.xml:27:13-37
61            <meta-data
61-->[androidx.emoji2:emoji2:1.4.0] AndroidManifest.xml:29:13-31:52
62                android:name="androidx.emoji2.text.EmojiCompatInitializer"
62-->[androidx.emoji2:emoji2:1.4.0] AndroidManifest.xml:30:17-75
63                android:value="androidx.startup" />
63-->[androidx.emoji2:emoji2:1.4.0] AndroidManifest.xml:31:17-49
64            <meta-data
64-->[androidx.lifecycle:lifecycle-process:2.7.0] AndroidManifest.xml:29:13-31:52
65                android:name="androidx.lifecycle.ProcessLifecycleInitializer"
65-->[androidx.lifecycle:lifecycle-process:2.7.0] AndroidManifest.xml:30:17-78
66                android:value="androidx.startup" />
66-->[androidx.lifecycle:lifecycle-process:2.7.0] AndroidManifest.xml:31:17-49
67            <meta-data
67-->[androidx.profileinstaller:profileinstaller:1.3.0] AndroidManifest.xml:29:13-31:52
68                android:name="androidx.profileinstaller.ProfileInstallerInitializer"
68-->[androidx.profileinstaller:profileinstaller:1.3.0] AndroidManifest.xml:30:17-85
69                android:value="androidx.startup" />
69-->[androidx.profileinstaller:profileinstaller:1.3.0] AndroidManifest.xml:31:17-49
70        </provider>
71
72        <receiver
72-->[androidx.profileinstaller:profileinstaller:1.3.0] AndroidManifest.xml:34:9-52:20
73            android:name="androidx.profileinstaller.ProfileInstallReceiver"
73-->[androidx.profileinstaller:profileinstaller:1.3.0] AndroidManifest.xml:35:13-76
74            android:directBootAware="false"
74-->[androidx.profileinstaller:profileinstaller:1.3.0] AndroidManifest.xml:36:13-44
75            android:enabled="true"
75-->[androidx.profileinstaller:profileinstaller:1.3.0] AndroidManifest.xml:37:13-35
76            android:exported="true"
76-->[androidx.profileinstaller:profileinstaller:1.3.0] AndroidManifest.xml:38:13-36
77            android:permission="android.permission.DUMP" >
77-->[androidx.profileinstaller:profileinstaller:1.3.0] AndroidManifest.xml:39:13-57
78            <intent-filter>
78-->[androidx.profileinstaller:profileinstaller:1.3.0] AndroidManifest.xml:40:13-42:29
79                <action android:name="androidx.profileinstaller.action.INSTALL_PROFILE" />
79-->[androidx.profileinstaller:profileinstaller:1.3.0] AndroidManifest.xml:41:17-91
79-->[androidx.profileinstaller:profileinstaller:1.3.0] AndroidManifest.xml:41:25-88
80            </intent-filter>
81            <intent-filter>
81-->[androidx.profileinstaller:profileinstaller:1.3.0] AndroidManifest.xml:43:13-45:29
82                <action android:name="androidx.profileinstaller.action.SKIP_FILE" />
82-->[androidx.profileinstaller:profileinstaller:1.3.0] AndroidManifest.xml:44:17-85
82-->[androidx.profileinstaller:profileinstaller:1.3.0] AndroidManifest.xml:44:25-82
83            </intent-filter>
84            <intent-filter>
84-->[androidx.profileinstaller:profileinstaller:1.3.0] AndroidManifest.xml:46:13-48:29
85                <action android:name="androidx.profileinstaller.action.SAVE_PROFILE" />
85-->[androidx.profileinstaller:profileinstaller:1.3.0] AndroidManifest.xml:47:17-88
85-->[androidx.profileinstaller:profileinstaller:1.3.0] AndroidManifest.xml:47:25-85
86            </intent-filter>
87            <intent-filter>
87-->[androidx.profileinstaller:profileinstaller:1.3.0] AndroidManifest.xml:49:13-51:29
88                <action android:name="androidx.profileinstaller.action.BENCHMARK_OPERATION" />
88-->[androidx.profileinstaller:profileinstaller:1.3.0] AndroidManifest.xml:50:17-95
88-->[androidx.profileinstaller:profileinstaller:1.3.0] AndroidManifest.xml:50:25-92
89            </intent-filter>
90        </receiver>
91    </application>
92
93</manifest>